#
# There is insufficient memory for the Java Runtime Environment to continue.
# Native memory allocation (malloc) failed to allocate 1048576 bytes for AllocateHeap
# Possible reasons:
#   The system is out of physical RAM or swap space
#   The process is running with CompressedOops enabled, and the Java Heap may be blocking the growth of the native heap
# Possible solutions:
#   Reduce memory load on the system
#   Increase physical memory or swap space
#   Check if swap backing store is full
#   Decrease Java heap size (-Xmx/-Xms)
#   Decrease number of Java threads
#   Decrease Java thread stack sizes (-Xss)
#   Set larger code cache with -XX:ReservedCodeCacheSize=
#   JVM is running with Unscaled Compressed Oops mode in which the Java heap is
#     placed in the first 4GB address space. The Java Heap base address is the
#     maximum limit for the native heap growth. Please use -XX:HeapBaseMinAddress
#     to set the Java Heap base and to place the Java Heap above 4GB virtual address.
# This output file may be truncated or incomplete.
#
#  Out of Memory Error (memory/allocation.inline.hpp:61), pid=63972, tid=0x0000000000011504
#
# JRE version:  (8.0_281-b09) (build )
# Java VM: Java HotSpot(TM) 64-Bit Server VM (25.281-b09 mixed mode windows-amd64 compressed oops)
# Failed to write core dump. Minidumps are not enabled by default on client versions of Windows
#

---------------  T H R E A D  ---------------

Current thread (0x0000018e09f00800):  JavaThread "Unknown thread" [_thread_in_vm, id=70916, stack(0x0000001841c00000,0x0000001841d00000)]

Stack: [0x0000001841c00000,0x0000001841d00000]
Native frames: (J=compiled Java code, j=interpreted, Vv=VM code, C=native code)
V  [jvm.dll+0x32e5b9]


---------------  P R O C E S S  ---------------

Java Threads: ( => current thread )

Other Threads:

=>0x0000018e09f00800 (exited) JavaThread "Unknown thread" [_thread_in_vm, id=70916, stack(0x0000001841c00000,0x0000001841d00000)]

VM state:not at safepoint (normal execution)

VM Mutex/Monitor currently owned by a thread: None

heap address: 0x00000000c1c00000, size: 996 MB, Compressed Oops mode: 32-bit
Narrow klass base: 0x0000000000000000, Narrow klass shift: 3
Compressed class space size: 1073741824 Address: 0x0000000100000000

Heap:
 PSYoungGen      total 18944K, used 327K [0x00000000eb400000, 0x00000000ec900000, 0x0000000100000000)
  eden space 16384K, 2% used [0x00000000eb400000,0x00000000eb451ec8,0x00000000ec400000)
  from space 2560K, 0% used [0x00000000ec680000,0x00000000ec680000,0x00000000ec900000)
  to   space 2560K, 0% used [0x00000000ec400000,0x00000000ec400000,0x00000000ec680000)
 ParOldGen       total 44032K, used 0K [0x00000000c1c00000, 0x00000000c4700000, 0x00000000eb400000)
  object space 44032K, 0% used [0x00000000c1c00000,0x00000000c1c00000,0x00000000c4700000)
 Metaspace       used 755K, capacity 1092K, committed 1152K, reserved 1060864K
  class space    used 76K, capacity 384K, committed 384K, reserved 1048576K

Card table byte_map: [0x0000018e1ab30000,0x0000018e1ad30000] byte_map_base: 0x0000018e1a522000

Marking Bits: (ParMarkBitMap*) 0x0000000070236ff0
 Begin Bits: [0x0000018e1ae80000, 0x0000018e1be10000)
 End Bits:   [0x0000018e1be10000, 0x0000018e1cda0000)

Polling page: 0x0000018e09e20000

CodeCache: size=245760Kb used=327Kb max_used=327Kb free=245432Kb
 bounds [0x0000018e0b770000, 0x0000018e0b9e0000, 0x0000018e1a770000]
 total_blobs=57 nmethods=0 adapters=38
 compilation: enabled

Compilation events (0 events):
No events

GC Heap History (0 events):
No events

Deoptimization events (0 events):
No events

Classes redefined (0 events):
No events

Internal exceptions (0 events):
No events

Events (10 events):
Event: 0.093 loading class java/lang/Short
Event: 0.094 loading class java/lang/Short done
Event: 0.094 loading class java/lang/Integer
Event: 0.094 loading class java/lang/Integer done
Event: 0.094 loading class java/lang/Long
Event: 0.095 loading class java/lang/Long done
Event: 0.097 loading class java/lang/NullPointerException
Event: 0.097 loading class java/lang/NullPointerException done
Event: 0.097 loading class java/lang/ArithmeticException
Event: 0.097 loading class java/lang/ArithmeticException done


Dynamic libraries:
0x00007ff7603e0000 - 0x00007ff760427000 	C:\Program Files\Java\jre1.8.0_281\bin\javaw.exe
0x00007ffe28f90000 - 0x00007ffe29185000 	C:\WINDOWS\SYSTEM32\ntdll.dll
0x00007ffe28380000 - 0x00007ffe2843d000 	C:\WINDOWS\System32\KERNEL32.DLL
0x00007ffe266d0000 - 0x00007ffe26998000 	C:\WINDOWS\System32\KERNELBASE.dll
0x00007ffe288c0000 - 0x00007ffe2896c000 	C:\WINDOWS\System32\ADVAPI32.dll
0x00007ffe28a20000 - 0x00007ffe28abe000 	C:\WINDOWS\System32\msvcrt.dll
0x00007ffe27930000 - 0x00007ffe279cb000 	C:\WINDOWS\System32\sechost.dll
0x00007ffe28ac0000 - 0x00007ffe28beb000 	C:\WINDOWS\System32\RPCRT4.dll
0x00007ffe286c0000 - 0x00007ffe28860000 	C:\WINDOWS\System32\USER32.dll
0x00007ffe26bb0000 - 0x00007ffe26bd2000 	C:\WINDOWS\System32\win32u.dll
0x00007ffe279d0000 - 0x00007ffe279fa000 	C:\WINDOWS\System32\GDI32.dll
0x00007ffe26a50000 - 0x00007ffe26b5b000 	C:\WINDOWS\System32\gdi32full.dll
0x00007ffe26c10000 - 0x00007ffe26cad000 	C:\WINDOWS\System32\msvcp_win.dll
0x00007ffe26ef0000 - 0x00007ffe26ff0000 	C:\WINDOWS\System32\ucrtbase.dll
0x00007ffe13890000 - 0x00007ffe13b2a000 	C:\WINDOWS\WinSxS\amd64_microsoft.windows.common-controls_6595b64144ccf1df_6.0.19041.844_none_ca00b6081b84eb1d\COMCTL32.dll
0x00007ffe28440000 - 0x00007ffe28470000 	C:\WINDOWS\System32\IMM32.DLL
0x00007ffe206a0000 - 0x00007ffe206b5000 	C:\Program Files\Java\jre1.8.0_281\bin\vcruntime140.dll
0x00007ffe1c8d0000 - 0x00007ffe1c96b000 	C:\Program Files\Java\jre1.8.0_281\bin\msvcp140.dll
0x000000006fa50000 - 0x00000000702af000 	C:\Program Files\Java\jre1.8.0_281\bin\server\jvm.dll
0x00007ffe285c0000 - 0x00007ffe285c8000 	C:\WINDOWS\System32\PSAPI.DLL
0x00007ffe20990000 - 0x00007ffe20999000 	C:\WINDOWS\SYSTEM32\WSOCK32.dll
0x00007ffe284f0000 - 0x00007ffe2855b000 	C:\WINDOWS\System32\WS2_32.dll
0x00007ffe1c7f0000 - 0x00007ffe1c817000 	C:\WINDOWS\SYSTEM32\WINMM.dll
0x00007ffe1c7e0000 - 0x00007ffe1c7ea000 	C:\WINDOWS\SYSTEM32\VERSION.dll
0x00007ffe24610000 - 0x00007ffe24622000 	C:\WINDOWS\SYSTEM32\kernel.appcore.dll
0x00007ffe208f0000 - 0x00007ffe20900000 	C:\Program Files\Java\jre1.8.0_281\bin\verify.dll
0x00007ffe1c480000 - 0x00007ffe1c4ab000 	C:\Program Files\Java\jre1.8.0_281\bin\java.dll
0x00007ffe1c460000 - 0x00007ffe1c478000 	C:\Program Files\Java\jre1.8.0_281\bin\zip.dll
0x00007ffe16150000 - 0x00007ffe16334000 	C:\WINDOWS\SYSTEM32\dbghelp.dll
0x00007ffe26d10000 - 0x00007ffe26d90000 	C:\WINDOWS\System32\bcryptPrimitives.dll

VM Arguments:
jvm_args: -Dfile.encoding=Cp1252 
java_command: B
java_class_path (initial): C:\Program Files\Java\jre1.8.0_281\lib\resources.jar;C:\Program Files\Java\jre1.8.0_281\lib\rt.jar;C:\Program Files\Java\jre1.8.0_281\lib\jsse.jar;C:\Program Files\Java\jre1.8.0_281\lib\jce.jar;C:\Program Files\Java\jre1.8.0_281\lib\charsets.jar;C:\Program Files\Java\jre1.8.0_281\lib\jfr.jar;C:\Program Files\Java\jre1.8.0_281\lib\ext\access-bridge-64.jar;C:\Program Files\Java\jre1.8.0_281\lib\ext\cldrdata.jar;C:\Program Files\Java\jre1.8.0_281\lib\ext\dnsns.jar;C:\Program Files\Java\jre1.8.0_281\lib\ext\jaccess.jar;C:\Program Files\Java\jre1.8.0_281\lib\ext\jfxrt.jar;C:\Program Files\Java\jre1.8.0_281\lib\ext\localedata.jar;C:\Program Files\Java\jre1.8.0_281\lib\ext\nashorn.jar;C:\Program Files\Java\jre1.8.0_281\lib\ext\sunec.jar;C:\Program Files\Java\jre1.8.0_281\lib\ext\sunjce_provider.jar;C:\Program Files\Java\jre1.8.0_281\lib\ext\sunmscapi.jar;C:\Program Files\Java\jre1.8.0_281\lib\ext\sunpkcs11.jar;C:\Program Files\Java\jre1.8.0_281\lib\ext\zipfs.jar;C:\Users\LENOVO\eclipse-charu\JAVA\bin
Launcher Type: SUN_STANDARD

Environment Variables:
JAVA_HOME=C:\Program Files\Java\jdk1.8.0_281
PATH=C:/Program Files/Java/jre1.8.0_281/bin/server;C:/Program Files/Java/jre1.8.0_281/bin;C:/Program Files/Java/jre1.8.0_281/lib/amd64;C:\oraclexe\app\oracle\product\10.2.0\server\bin;C:\Program Files (x86)\Common Files\Oracle\Java\javapath;C:\WINDOWS\system32;C:\WINDOWS;C:\WINDOWS\System32\Wbem;C:\WINDOWS\System32\WindowsPowerShell\v1.0\;C:\WINDOWS\System32\OpenSSH\;C:\Program Files\Java\jdk1.8.0_281\bin;E:\software\apache-maven-3.6.3-bin\apache-maven-3.6.3\bin;C:\Program Files\apache-maven-3.8.3\bin;C:\Program Files\Java\jdk1.8.0_281\bin;C:\Users\LENOVO\AppData\Local\Microsoft\WindowsApps;;C:\Users\LENOVO\Downloads\eclipse-committers-oxygen-3a-win32-x86_64\eclipse;
USERNAME=LENOVO
OS=Windows_NT
PROCESSOR_IDENTIFIER=AMD64 Family 21 Model 112 Stepping 0, AuthenticAMD



---------------  S Y S T E M  ---------------

OS: Windows 10.0 , 64 bit Build 19041 (10.0.19041.928)

CPU:total 2 (initial active 2) (2 cores per cpu, 1 threads per core) family 21 model 112 stepping 0, cmov, cx8, fxsr, mmx, sse, sse2, sse3, ssse3, sse4.1, sse4.2, popcnt, avx, avx2, aes, clmul, mmxext, 3dnowpref, lzcnt, sse4a, tsc, tscinvbit, tscinv, bmi1

Memory: 4k page, physical 4078964k(780348k free), swap 16661876k(4684k free)

vm_info: Java HotSpot(TM) 64-Bit Server VM (25.281-b09) for windows-amd64 JRE (1.8.0_281-b09), built on Dec  9 2020 13:54:07 by "" with MS VC++ 15.9 (VS2017)

time: Wed Oct 13 15:27:06 2021
timezone: India Standard Time
elapsed time: 0.167268 seconds (0d 0h 0m 0s)

